<?xml version="1.0" encoding="UTF-8"?>
<robot generator="Robot 7.2.2 (Python 3.10.16 on win32)" generated="2025-04-25T17:46:31.979433" rpa="false" schemaversion="5">
<suite id="s1" name="Prediction" source="c:\Users\Yin Yu\Documents\cv_automation\Robot_duo_model\prediction.robot">
<test id="s1-t1" name="Test Image Faulty Scenario (Indiv)" line="176">
<kw name="Predict From Directory Yellow">
<kw name="Predict Directory Yellow" owner="Predict">
<msg time="2025-04-25T17:46:34.955326" level="INFO">Reading Image: c:\Users\Yin Yu\Documents\cv_automation\Robot_duo_model/pictures\photo.jpg</msg>
<msg time="2025-04-25T17:46:35.356275" level="INFO">Prediction result: yellow</msg>
<msg time="2025-04-25T17:46:35.356275" level="INFO">Model Loaded: C:\Users\Yin Yu\Documents\cv_automation/models/multiclass_duo_model.h5
Reading Image:c:\Users\Yin Yu\Documents\cv_automation\Robot_duo_model/pictures\photo.jpg

1/1 [==============================] - ETA: 0s
1/1 [==============================] - 0s 342ms/step</msg>
<msg time="2025-04-25T17:46:35.356275" level="INFO">${result} = PASS</msg>
<var>${result}</var>
<arg>${MULTICLASS_MODEL_PATH}</arg>
<arg>c:\\Users\\Yin Yu\\Documents\\cv_automation\\Robot_duo_model/${IMAGE_PATH}</arg>
<status status="PASS" start="2025-04-25T17:46:34.314146" elapsed="1.042129"/>
</kw>
<kw name="Should Be Equal" owner="BuiltIn">
<arg>${result}</arg>
<arg>PASS</arg>
<doc>Fails if the given objects are unequal.</doc>
<status status="PASS" start="2025-04-25T17:46:35.356275" elapsed="0.001000"/>
</kw>
<status status="PASS" start="2025-04-25T17:46:34.313147" elapsed="1.044128"/>
</kw>
<kw name="Predict from Directory Faulty">
<kw name="Predict Directory Faulty" owner="Predict">
<msg time="2025-04-25T17:46:35.653814" level="INFO">Reading Image: c:\Users\Yin Yu\Documents\cv_automation\Robot_duo_model/pictures\photo.jpg</msg>
<msg time="2025-04-25T17:46:35.726962" level="INFO">Prediction result: faulty</msg>
<msg time="2025-04-25T17:46:35.728455" level="ERROR">Unexpected result 'faulty' for image: c:\Users\Yin Yu\Documents\cv_automation\Robot_duo_model/pictures\photo.jpg</msg>
<msg time="2025-04-25T17:46:35.729460" level="INFO">Model Loaded: C:\Users\Yin Yu\Documents\cv_automation/models/binary_model.h5
Reading Image:c:\Users\Yin Yu\Documents\cv_automation\Robot_duo_model/pictures\photo.jpg

1/1 [==============================] - ETA: 0s
1/1 [==============================] - 0s 44ms/step</msg>
<msg time="2025-04-25T17:46:35.729460" level="INFO">${result} = FAIL</msg>
<var>${result}</var>
<arg>${DUO_MODEL_PATH}</arg>
<arg>c:\\Users\\Yin Yu\\Documents\\cv_automation\\Robot_duo_model/${IMAGE_PATH}</arg>
<status status="PASS" start="2025-04-25T17:46:35.358275" elapsed="0.371185"/>
</kw>
<kw name="Should Be Equal" owner="BuiltIn">
<msg time="2025-04-25T17:46:35.730461" level="FAIL">FAIL != PASS</msg>
<arg>${result}</arg>
<arg>PASS</arg>
<doc>Fails if the given objects are unequal.</doc>
<status status="FAIL" start="2025-04-25T17:46:35.729460" elapsed="0.001001">FAIL != PASS</status>
</kw>
<status status="FAIL" start="2025-04-25T17:46:35.357275" elapsed="0.373186">FAIL != PASS</status>
</kw>
<doc>Check static yellow or flag faulty</doc>
<status status="FAIL" start="2025-04-25T17:46:34.313147" elapsed="1.417314">FAIL != PASS</status>
</test>
<status status="FAIL" start="2025-04-25T17:46:31.981430" elapsed="3.751031"/>
</suite>
<statistics>
<total>
<stat pass="0" fail="1" skip="0">All Tests</stat>
</total>
<tag>
</tag>
<suite>
<stat name="Prediction" id="s1" pass="0" fail="1" skip="0">Prediction</stat>
</suite>
</statistics>
<errors>
<msg time="2025-04-25T17:46:35.728455" level="ERROR">Unexpected result 'faulty' for image: c:\Users\Yin Yu\Documents\cv_automation\Robot_duo_model/pictures\photo.jpg</msg>
</errors>
</robot>
