<?xml version="1.0" encoding="UTF-8"?>
<robot generator="Robot 7.2.2 (Python 3.10.16 on win32)" generated="2025-04-09T16:47:14.069466" rpa="false" schemaversion="5">
<suite id="s1" name="Prediction" source="c:\Users\Yin Yu\Documents\cv_automation\Robot\prediction.robot">
<test id="s1-t1" name="Test Image Classification Green" line="108">
<kw name="Set BlackWidow V4 Keyboard Chroma Green">
<kw name="Perform Chroma Test BlackWidow V4 Green" owner="BlackWidow">
<msg time="2025-04-09T16:47:17.524066" level="INFO">Chrome Executable: c:\Users\Yin Yu\Documents\cv_automation\Robot\chromedriver.exe
SYNAPSE ATTACHED: PASS</msg>
<status status="PASS" start="2025-04-09T16:47:16.074590" elapsed="1.449476"/>
</kw>
<status status="PASS" start="2025-04-09T16:47:16.073590" elapsed="1.450476"/>
</kw>
<kw name="Check If Chroma Status Is Complete Green">
<kw name="Run Keyword And Return Status" owner="BuiltIn">
<kw name="Check Status Green" owner="BlackWidow">
<status status="PASS" start="2025-04-09T16:47:17.526057" elapsed="0.000000"/>
</kw>
<msg time="2025-04-09T16:47:17.526057" level="INFO">${status} = True</msg>
<var>${status}</var>
<arg>Check Status Green</arg>
<doc>Runs the given keyword with given arguments and returns the status as a Boolean value.</doc>
<status status="PASS" start="2025-04-09T16:47:17.525057" elapsed="0.001000"/>
</kw>
<kw name="Should Be True" owner="BuiltIn">
<arg>${status}</arg>
<arg>msg=Chroma Setup Incomplete.</arg>
<doc>Fails if the given condition is not true.</doc>
<status status="PASS" start="2025-04-09T16:47:17.526057" elapsed="0.000000"/>
</kw>
<status status="PASS" start="2025-04-09T16:47:17.525057" elapsed="0.001000"/>
</kw>
<kw name="Take Pictures Using Webcam">
<kw name="Run Process" owner="Process">
<msg time="2025-04-09T16:47:17.527060" level="INFO">Starting process:
"c:\Users\Yin Yu\Documents\cv_automation\Robot/video.bat"</msg>
<msg time="2025-04-09T16:47:17.544816" level="INFO">Waiting for process to complete.</msg>
<msg time="2025-04-09T16:47:17.561817" level="INFO">Process completed.</msg>
<arg>c:\\Users\\Yin Yu\\Documents\\cv_automation\\Robot/${BATCH_SCRIPT}</arg>
<doc>Runs a process and waits for it to complete.</doc>
<status status="PASS" start="2025-04-09T16:47:17.527060" elapsed="0.034757"/>
</kw>
<kw name="Sleep" owner="BuiltIn">
<msg time="2025-04-09T16:47:22.573872" level="INFO">Slept 5 seconds.</msg>
<arg>5s</arg>
<doc>Pauses the test executed for the given time.</doc>
<status status="PASS" start="2025-04-09T16:47:17.561817" elapsed="5.012055"/>
</kw>
<status status="PASS" start="2025-04-09T16:47:17.527060" elapsed="5.047798"/>
</kw>
<kw name="Predict From Directory Green">
<kw name="Predict Directory Green" owner="Predict">
<msg time="2025-04-09T16:47:22.579871" level="INFO">Error loading model or directory: No file or directory found at c:\Users\Yin Yu\Documents\cv_automation\Robot/cv-dentritemodelsimage_multiclass_model.h5</msg>
<msg time="2025-04-09T16:47:22.579871" level="INFO">${result} = FAIL</msg>
<var>${result}</var>
<arg>c:\\Users\\Yin Yu\\Documents\\cv_automation\\Robot/${MODEL_PATH}</arg>
<arg>c:\\Users\\Yin Yu\\Documents\\cv_automation\\Robot/${IMAGE_PATH}</arg>
<status status="PASS" start="2025-04-09T16:47:22.575858" elapsed="0.004013"/>
</kw>
<kw name="Should Be Equal" owner="BuiltIn">
<msg time="2025-04-09T16:47:22.579871" level="FAIL">FAIL != PASS</msg>
<arg>${result}</arg>
<arg>PASS</arg>
<doc>Fails if the given objects are unequal.</doc>
<status status="FAIL" start="2025-04-09T16:47:22.579871" elapsed="0.000995">FAIL != PASS</status>
</kw>
<status status="FAIL" start="2025-04-09T16:47:22.574858" elapsed="0.006008">FAIL != PASS</status>
</kw>
<doc>Check static green or flag faulty</doc>
<status status="FAIL" start="2025-04-09T16:47:16.073590" elapsed="6.508268">FAIL != PASS</status>
</test>
<status status="FAIL" start="2025-04-09T16:47:14.072533" elapsed="8.510326"/>
</suite>
<statistics>
<total>
<stat pass="0" fail="1" skip="0">All Tests</stat>
</total>
<tag>
</tag>
<suite>
<stat name="Prediction" id="s1" pass="0" fail="1" skip="0">Prediction</stat>
</suite>
</statistics>
<errors>
<msg time="2025-04-09T16:47:14.091460" level="ERROR">Error in file 'c:\Users\Yin Yu\Documents\cv_automation\Robot\prediction.robot' on line 2: Importing library 'SeleniumLibrary' failed: ModuleNotFoundError: No module named 'SeleniumLibrary'
Traceback (most recent call last):
  None
PYTHONPATH:
  c:\Users\Yin Yu\.vscode\extensions\robocorp.robotframework-lsp-1.13.0\src\robotframework_debug_adapter
  C:\Users\Yin Yu\Documents\cv_automation
  c:\Users\Yin Yu\.vscode\extensions\robocorp.robotframework-lsp-1.13.0\src
  c:\Users\Yin Yu\.vscode\extensions\robocorp.robotframework-lsp-1.13.0\src\robotframework_ls\vendored
  C:\Anaconda3\envs\tf\python310.zip
  C:\Anaconda3\envs\tf\DLLs
  C:\Anaconda3\envs\tf\lib
  C:\Anaconda3\envs\tf
  C:\Anaconda3\envs\tf\lib\site-packages
  C:\Anaconda3\envs\tf\lib\site-packages\win32
  C:\Anaconda3\envs\tf\lib\site-packages\win32\lib
  C:\Anaconda3\envs\tf\lib\site-packages\Pythonwin</msg>
</errors>
</robot>
